<?xml version="1.0" encoding="UTF-8"?>
<!-- Generated by org.testng.reporters.JUnitReportReporter -->
<testsuite hostname="EXELOGICL012" name="pack.Pro" tests="1" failures="0" timestamp="17 Dec 2013 13:07:00 GMT" time="6.566" errors="0">
  <testcase name="testUntitled" time="6.566" classname="pack.Pro"/>
</testsuite> <!-- pack.Pro -->
